 * Serving Flask app "Game_online.py"
 * Environment: development
 * Debug mode: on
ªì©l¤Æ: 
Åª¨ú¤w«O¦sªº¥D­nºô¸ô¼Ò«¬...
  | ¢Ï | ¢Ð | ¢Ñ | ¢Ò | ¢Ó | ¢Ô | ¢Õ | ¢Ö | 
---------------------------------------------
 0| ¡@ | ¡@ | ¡@ | ¡@ | ¡@ | ¡@ | ¡@ | ¡@ | 
---------------------------------------------
 1| ¡@ | ¡@ | ¡@ | ¡@ | ¡@ | ¡@ | ¡@ | ¡@ | 
---------------------------------------------
 2| ¡@ | ¡@ | ¡@ | ¡@ | ¡@ | ¡@ | ¡@ | ¡@ | 
---------------------------------------------
 3| ¡@ | ¡@ | ¡@ | ¡´ | ¡³ | ¡@ | ¡@ | ¡@ | 
---------------------------------------------
 4| ¡@ | ¡@ | ¡@ | ¡³ | ¡´ | ¡@ | ¡@ | ¡@ | 
---------------------------------------------
 5| ¡@ | ¡@ | ¡@ | ¡@ | ¡@ | ¡@ | ¡@ | ¡@ | 
---------------------------------------------
 6| ¡@ | ¡@ | ¡@ | ¡@ | ¡@ | ¡@ | ¡@ | ¡@ | 
---------------------------------------------
 7| ¡@ | ¡@ | ¡@ | ¡@ | ¡@ | ¡@ | ¡@ | ¡@ | 
---------------------------------------------
>>>>>>>>>>>>>>>>>>>>>>>>>>>>>>>>>>>>>>>>>>>>>>>>>>>>>>>>>>>>>>>>>>>>>>>>>>>>>>>>>>>>>>>>>>
[[ 5.8064965e-05  8.4920274e-04 -1.4930849e-04 -8.9838612e-04
   3.8062269e-04 -7.6932239e-04  7.4101915e-04  6.2695576e-04]
 [ 1.0756041e-04  1.4265187e-04  8.9614902e-04 -8.8105022e-05
  -8.1192527e-04 -1.4458301e-04  3.2472977e-04  4.0373587e-04]
 [ 9.4986020e-04 -7.1508565e-04 -8.0964458e-04 -6.5630872e-04
  -1.4577875e-01 -3.9586361e-04  4.6591449e-04  3.8475551e-05]
 [-1.0442655e-03 -1.2281538e-03 -1.1241450e-03 -2.4353292e-04
   1.0218128e-03  4.2137577e-05  8.9970639e-04  8.3186670e-04]
 [-1.7862783e-04 -9.4410992e-04  8.2493044e-04  1.2261171e-03
   1.1562258e-03 -8.4140144e-02  8.0551021e-04 -3.5332754e-04]
 [ 1.1797396e-04 -2.6688888e-04 -1.9336496e-05 -9.7339670e-04
  -1.3451406e-03 -9.3942782e-04  2.1929412e-04 -2.1926560e-06]
 [-3.7084523e-04 -6.8030035e-04  6.3134346e-04  2.7799510e-04
   5.9486431e-04  2.0864495e-04 -7.7655027e-04 -9.7057340e-04]
 [ 9.4011513e-04 -3.0187587e-04 -8.8354707e-04 -5.0123769e-04
  -6.7255856e-04 -3.6241725e-06  2.9338169e-04  4.0478088e-04]]
  | ¢Ï | ¢Ð | ¢Ñ | ¢Ò | ¢Ó | ¢Ô | ¢Õ | ¢Ö | 
---------------------------------------------
 0| ¡@ | ¡@ | ¡@ | ¡@ | ¡@ | ¡@ | ¡@ | ¡@ | 
---------------------------------------------
 1| ¡@ | ¡@ | ¡@ | ¡@ | ¡@ | ¡@ | ¡@ | ¡@ | 
---------------------------------------------
 2| ¡@ | ¡@ | ¡@ | ¡@ | ¡@ | ¡@ | ¡@ | ¡@ | 
---------------------------------------------
 3| ¡@ | ¡@ | ¡@ | ¡´ | ¡³ | ¡@ | ¡@ | ¡@ | 
---------------------------------------------
 4| ¡@ | ¡@ | ¡@ | ¡³ | ¡´ | ¡@ | ¡@ | ¡@ | 
---------------------------------------------
 5| ¡@ | ¡@ | ¡@ | ¡@ | ¡@ | ¡@ | ¡@ | ¡@ | 
---------------------------------------------
 6| ¡@ | ¡@ | ¡@ | ¡@ | ¡@ | ¡@ | ¡@ | ¡@ | 
---------------------------------------------
 7| ¡@ | ¡@ | ¡@ | ¡@ | ¡@ | ¡@ | ¡@ | ¡@ | 
---------------------------------------------
>>>>>>>>>>>>>>>>>>>>>>>>>>>>>>>>>>>>>>>>>>>>>>>>>>>>>>>>>>>>>>>>>>>>>>>>>>>>>>>>>>>>>>>>>>
  | ¢Ï | ¢Ð | ¢Ñ | ¢Ò | ¢Ó | ¢Ô | ¢Õ | ¢Ö | 
---------------------------------------------
 0| ¡@ | ¡@ | ¡@ | ¡@ | ¡@ | ¡@ | ¡@ | ¡@ | 
---------------------------------------------
 1| ¡@ | ¡@ | ¡@ | ¡@ | ¡@ | ¡@ | ¡@ | ¡@ | 
---------------------------------------------
 2| ¡@ | ¡@ | ¡@ | ¡@ | ¡@ | ¡@ | ¡@ | ¡@ | 
---------------------------------------------
 3| ¡@ | ¡@ | ¡@ | ¡´ | ¡³ | ¡@ | ¡@ | ¡@ | 
---------------------------------------------
 4| ¡@ | ¡@ | ¡@ | ¡³ | ¡´ | ¡@ | ¡@ | ¡@ | 
---------------------------------------------
 5| ¡@ | ¡@ | ¡@ | ¡@ | ¡@ | ¡@ | ¡@ | ¡@ | 
---------------------------------------------
 6| ¡@ | ¡@ | ¡@ | ¡@ | ¡@ | ¡@ | ¡@ | ¡@ | 
---------------------------------------------
 7| ¡@ | ¡@ | ¡@ | ¡@ | ¡@ | ¡@ | ¡@ | ¡@ | 
---------------------------------------------
>>>>>>>>>>>>>>>>>>>>>>>>>>>>>>>>>>>>>>>>>>>>>>>>>>>>>>>>>>>>>>>>>>>>>>>>>>>>>>>>>>>>>>>>>>
[ 0.  0.  0.  0.  0.  0.  0.  0.  0.  0.  0.  0.  0.  0.  0.  0.  0.  0.
  0.  0.  0.  0.  0.  0.  0.  0.  0.  1. -1.  0.  0.  0.  0.  0.  0. -1.
  1.  0.  0.  0.  0.  0.  0.  0.  0.  0.  0.  0.  0.  0.  0.  0.  0.  0.
  0.  0.  0.  0.  0.  0.  0.  0.  0.  0.]
[[ 0.  0.  0.  0.  0.  0.  0.  0.]
 [ 0.  0.  0.  0.  0.  0.  0.  0.]
 [ 0.  0.  0.  0.  0.  0.  0.  0.]
 [ 0.  0.  0.  1. -1.  0.  0.  0.]
 [ 0.  0.  0. -1.  1.  0.  0.  0.]
 [ 0.  0.  0.  0.  0.  0.  0.  0.]
 [ 0.  0.  0.  0.  0.  0.  0.  0.]
 [ 0.  0.  0.  0.  0.  0.  0.  0.]]
¿ù»~!!!
Tensor dense_input:0, specified in either feed_devices or fetch_devices was not found in the Graph
­«·sÅª¨ú....
[ 0.  0.  0.  0.  0.  0.  0.  0.  0.  0.  0.  0.  0.  0.  0.  0.  0.  0.
  0.  0.  0.  0.  0.  0.  0.  0.  0.  1. -1.  0.  0.  0.  0.  0.  0. -1.
  1.  0.  0.  0.  0.  0.  0.  0.  0.  0.  0.  0.  0.  0.  0.  0.  0.  0.
  0.  0.  0.  0.  0.  0.  0.  0.  0.  0.]
[[ 0.  0.  0.  0.  0.  0.  0.  0.]
 [ 0.  0.  0.  0.  0.  0.  0.  0.]
 [ 0.  0.  0.  0.  0.  0.  0.  0.]
 [ 0.  0.  0.  1. -1.  0.  0.  0.]
 [ 0.  0.  0. -1.  1.  0.  0.  0.]
 [ 0.  0.  0.  0.  0.  0.  0.  0.]
 [ 0.  0.  0.  0.  0.  0.  0.  0.]
 [ 0.  0.  0.  0.  0.  0.  0.  0.]]
¿ù»~!!!
Tensor dense_input:0, specified in either feed_devices or fetch_devices was not found in the Graph
­«·sÅª¨ú....
[ 0.  0.  0.  0.  0.  0.  0.  0.  0.  0.  0.  0.  0.  0.  0.  0.  0.  0.
  0.  0.  0.  0.  0.  0.  0.  0.  0.  1. -1.  0.  0.  0.  0.  0.  0. -1.
  1.  0.  0.  0.  0.  0.  0.  0.  0.  0.  0.  0.  0.  0.  0.  0.  0.  0.
  0.  0.  0.  0.  0.  0.  0.  0.  0.  0.]
[[ 0.  0.  0.  0.  0.  0.  0.  0.]
 [ 0.  0.  0.  0.  0.  0.  0.  0.]
 [ 0.  0.  0.  0.  0.  0.  0.  0.]
 [ 0.  0.  0.  1. -1.  0.  0.  0.]
 [ 0.  0.  0. -1.  1.  0.  0.  0.]
 [ 0.  0.  0.  0.  0.  0.  0.  0.]
 [ 0.  0.  0.  0.  0.  0.  0.  0.]
 [ 0.  0.  0.  0.  0.  0.  0.  0.]]
¿ù»~!!!
Tensor dense_input:0, specified in either feed_devices or fetch_devices was not found in the Graph
[ 0.  0.  0.  0.  0.  0.  0.  0.  0.  0.  0.  0.  0.  0.  0.  0.  0.  0.
  0.  0.  0.  0.  0.  0.  0.  0.  0.  1. -1.  0.  0.  0.  0.  0.  0. -1.
  1.  0.  0.  0.  0.  0.  0.  0.  0.  0.  0.  0.  0.  0.  0.  0.  0.  0.
  0.  0.  0.  0.  0.  0.  0.  0.  0.  0.]
[[ 0.  0.  0.  0.  0.  0.  0.  0.]
 [ 0.  0.  0.  0.  0.  0.  0.  0.]
 [ 0.  0.  0.  0.  0.  0.  0.  0.]
 [ 0.  0.  0.  1. -1.  0.  0.  0.]
 [ 0.  0.  0. -1.  1.  0.  0.  0.]
 [ 0.  0.  0.  0.  0.  0.  0.  0.]
 [ 0.  0.  0.  0.  0.  0.  0.  0.]
 [ 0.  0.  0.  0.  0.  0.  0.  0.]]
­«·sÅª¨ú....
¿ù»~!!!
Tensor dense_input:0, specified in either feed_devices or fetch_devices was not found in the Graph
­«·sÅª¨ú....
Åª¨ú¤w«O¦sªº¥D­nºô¸ô¼Ò«¬...
Åª¨ú¤w«O¦sªº¥D­nºô¸ô¼Ò«¬...
  | ¢Ï | ¢Ð | ¢Ñ | ¢Ò | ¢Ó | ¢Ô | ¢Õ | ¢Ö | 
---------------------------------------------
 0| ¡@ | ¡@ | ¡@ | ¡@ | ¡@ | ¡@ | ¡@ | ¡@ | 
---------------------------------------------
 1| ¡@ | ¡@ | ¡@ | ¡@ | ¡@ | ¡@ | ¡@ | ¡@ | 
---------------------------------------------
 2| ¡@ | ¡@ | ¡@ | ¡@ | ¡@ | ¡@ | ¡@ | ¡@ | 
---------------------------------------------
 3| ¡@ | ¡@ | ¡³ | ¡³ | ¡³ | ¡@ | ¡@ | ¡@ | 
---------------------------------------------
 4| ¡@ | ¡@ | ¡´ | ¡´ | ¡´ | ¡@ | ¡@ | ¡@ | 
---------------------------------------------
 5| ¡@ | ¡@ | ¡@ | ¡@ | ¡@ | ¡@ | ¡@ | ¡@ | 
---------------------------------------------
 6| ¡@ | ¡@ | ¡@ | ¡@ | ¡@ | ¡@ | ¡@ | ¡@ | 
---------------------------------------------
 7| ¡@ | ¡@ | ¡@ | ¡@ | ¡@ | ¡@ | ¡@ | ¡@ | 
---------------------------------------------
  | ¢Ï | ¢Ð | ¢Ñ | ¢Ò | ¢Ó | ¢Ô | ¢Õ | ¢Ö | 
---------------------------------------------
 0| ¡@ | ¡@ | ¡@ | ¡@ | ¡@ | ¡@ | ¡@ | ¡@ | 
---------------------------------------------
 1| ¡@ | ¡@ | ¡@ | ¡@ | ¡@ | ¡@ | ¡@ | ¡@ | 
---------------------------------------------
 2| ¡@ | ¡@ | ¡@ | ¡@ | ¡@ | ¡@ | ¡@ | ¡@ | 
---------------------------------------------
 3| ¡@ | ¡@ | ¡³ | ¡³ | ¡³ | ¡@ | ¡@ | ¡@ | 
---------------------------------------------
 4| ¡@ | ¡@ | ¡´ | ¡´ | ¡´ | ¡@ | ¡@ | ¡@ | 
---------------------------------------------
 5| ¡@ | ¡@ | ¡@ | ¡@ | ¡@ | ¡@ | ¡@ | ¡@ | 
---------------------------------------------
 6| ¡@ | ¡@ | ¡@ | ¡@ | ¡@ | ¡@ | ¡@ | ¡@ | 
---------------------------------------------
 7| ¡@ | ¡@ | ¡@ | ¡@ | ¡@ | ¡@ | ¡@ | ¡@ | 
---------------------------------------------
Åª¨ú¤w«O¦sªº¥D­nºô¸ô¼Ò«¬...
Åª¨ú¤w«O¦sªº¥D­nºô¸ô¼Ò«¬...
  | ¢Ï | ¢Ð | ¢Ñ | ¢Ò | ¢Ó | ¢Ô | ¢Õ | ¢Ö | 
---------------------------------------------
 0| ¡@ | ¡@ | ¡@ | ¡@ | ¡@ | ¡@ | ¡@ | ¡@ | 
---------------------------------------------
 1| ¡@ | ¡@ | ¡@ | ¡@ | ¡@ | ¡@ | ¡@ | ¡@ | 
---------------------------------------------
 2| ¡@ | ¡@ | ¡@ | ¡@ | ¡@ | ¡@ | ¡@ | ¡@ | 
---------------------------------------------
 3| ¡@ | ¡@ | ¡³ | ¡³ | ¡³ | ¡@ | ¡@ | ¡@ | 
---------------------------------------------
 4| ¡@ | ¡@ | ¡´ | ¡´ | ¡´ | ¡@ | ¡@ | ¡@ | 
---------------------------------------------
 5| ¡@ | ¡@ | ¡@ | ¡@ | ¡@ | ¡@ | ¡@ | ¡@ | 
---------------------------------------------
 6| ¡@ | ¡@ | ¡@ | ¡@ | ¡@ | ¡@ | ¡@ | ¡@ | 
---------------------------------------------
 7| ¡@ | ¡@ | ¡@ | ¡@ | ¡@ | ¡@ | ¡@ | ¡@ | 
---------------------------------------------
  | ¢Ï | ¢Ð | ¢Ñ | ¢Ò | ¢Ó | ¢Ô | ¢Õ | ¢Ö | 
---------------------------------------------
 0| ¡@ | ¡@ | ¡@ | ¡@ | ¡@ | ¡@ | ¡@ | ¡@ | 
---------------------------------------------
 1| ¡@ | ¡@ | ¡@ | ¡@ | ¡@ | ¡@ | ¡@ | ¡@ | 
---------------------------------------------
 2| ¡@ | ¡@ | ¡@ | ¡@ | ¡@ | ¡@ | ¡@ | ¡@ | 
---------------------------------------------
 3| ¡@ | ¡@ | ¡³ | ¡³ | ¡³ | ¡@ | ¡@ | ¡@ | 
---------------------------------------------
 4| ¡@ | ¡@ | ¡´ | ¡´ | ¡´ | ¡@ | ¡@ | ¡@ | 
---------------------------------------------
 5| ¡@ | ¡@ | ¡@ | ¡@ | ¡@ | ¡@ | ¡@ | ¡@ | 
---------------------------------------------
 6| ¡@ | ¡@ | ¡@ | ¡@ | ¡@ | ¡@ | ¡@ | ¡@ | 
---------------------------------------------
 7| ¡@ | ¡@ | ¡@ | ¡@ | ¡@ | ¡@ | ¡@ | ¡@ | 
---------------------------------------------
[ 0.  0.  0.  0.  0.  0.  0.  0.  0.  0.  0.  0.  0.  0.  0.  0.  0.  0.
  0.  0.  0.  0.  0.  0.  0.  0.  0.  1. -1.  0.  0.  0.  0.  0.  0. -1.
  1.  0.  0.  0.  0.  0.  0.  0.  0.  0.  0.  0.  0.  0.  0.  0.  0.  0.
  0.  0.  0.  0.  0.  0.  0.  0.  0.  0.]
[[ 0.  0.  0.  0.  0.  0.  0.  0.]
 [ 0.  0.  0.  0.  0.  0.  0.  0.]
 [ 0.  0.  0.  0.  0.  0.  0.  0.]
 [ 0.  0.  0.  1. -1.  0.  0.  0.]
 [ 0.  0.  0. -1.  1.  0.  0.  0.]
 [ 0.  0.  0.  0.  0.  0.  0.  0.]
 [ 0.  0.  0.  0.  0.  0.  0.  0.]
 [ 0.  0.  0.  0.  0.  0.  0.  0.]]
¿ù»~!!!
Tensor dense_input:0, specified in either feed_devices or fetch_devices was not found in the Graph
­«·sÅª¨ú....
[ 0.  0.  0.  0.  0.  0.  0.  0.  0.  0.  0.  0.  0.  0.  0.  0.  0.  0.
  0.  0.  0.  0.  0.  0.  0.  0.  0.  1. -1.  0.  0.  0.  0.  0.  0. -1.
  1.  0.  0.  0.  0.  0.  0.  0.  0.  0.  0.  0.  0.  0.  0.  0.  0.  0.
  0.  0.  0.  0.  0.  0.  0.  0.  0.  0.]
[[ 0.  0.  0.  0.  0.  0.  0.  0.]
 [ 0.  0.  0.  0.  0.  0.  0.  0.]
 [ 0.  0.  0.  0.  0.  0.  0.  0.]
 [ 0.  0.  0.  1. -1.  0.  0.  0.]
 [ 0.  0.  0. -1.  1.  0.  0.  0.]
 [ 0.  0.  0.  0.  0.  0.  0.  0.]
 [ 0.  0.  0.  0.  0.  0.  0.  0.]
 [ 0.  0.  0.  0.  0.  0.  0.  0.]]
¿ù»~!!!
Tensor dense_input:0, specified in either feed_devices or fetch_devices was not found in the Graph
­«·sÅª¨ú....
Åª¨ú¤w«O¦sªº¥D­nºô¸ô¼Ò«¬...
  | ¢Ï | ¢Ð | ¢Ñ | ¢Ò | ¢Ó | ¢Ô | ¢Õ | ¢Ö | 
---------------------------------------------
 0| ¡@ | ¡@ | ¡@ | ¡@ | ¡@ | ¡@ | ¡@ | ¡@ | 
---------------------------------------------
 1| ¡@ | ¡@ | ¡@ | ¡@ | ¡@ | ¡@ | ¡@ | ¡@ | 
---------------------------------------------
 2| ¡@ | ¡@ | ¡@ | ¡@ | ¡@ | ¡@ | ¡@ | ¡@ | 
---------------------------------------------
 3| ¡@ | ¡@ | ¡³ | ¡³ | ¡³ | ¡@ | ¡@ | ¡@ | 
---------------------------------------------
 4| ¡@ | ¡@ | ¡´ | ¡´ | ¡´ | ¡@ | ¡@ | ¡@ | 
---------------------------------------------
 5| ¡@ | ¡@ | ¡@ | ¡@ | ¡@ | ¡@ | ¡@ | ¡@ | 
---------------------------------------------
 6| ¡@ | ¡@ | ¡@ | ¡@ | ¡@ | ¡@ | ¡@ | ¡@ | 
---------------------------------------------
 7| ¡@ | ¡@ | ¡@ | ¡@ | ¡@ | ¡@ | ¡@ | ¡@ | 
---------------------------------------------
Åª¨ú¤w«O¦sªº¥D­nºô¸ô¼Ò«¬...
  | ¢Ï | ¢Ð | ¢Ñ | ¢Ò | ¢Ó | ¢Ô | ¢Õ | ¢Ö | 
---------------------------------------------
 0| ¡@ | ¡@ | ¡@ | ¡@ | ¡@ | ¡@ | ¡@ | ¡@ | 
---------------------------------------------
 1| ¡@ | ¡@ | ¡@ | ¡@ | ¡@ | ¡@ | ¡@ | ¡@ | 
---------------------------------------------
 2| ¡@ | ¡@ | ¡@ | ¡@ | ¡@ | ¡@ | ¡@ | ¡@ | 
---------------------------------------------
 3| ¡@ | ¡@ | ¡³ | ¡³ | ¡³ | ¡@ | ¡@ | ¡@ | 
---------------------------------------------
 4| ¡@ | ¡@ | ¡´ | ¡´ | ¡´ | ¡@ | ¡@ | ¡@ | 
---------------------------------------------
 5| ¡@ | ¡@ | ¡@ | ¡@ | ¡@ | ¡@ | ¡@ | ¡@ | 
---------------------------------------------
 6| ¡@ | ¡@ | ¡@ | ¡@ | ¡@ | ¡@ | ¡@ | ¡@ | 
---------------------------------------------
 7| ¡@ | ¡@ | ¡@ | ¡@ | ¡@ | ¡@ | ¡@ | ¡@ | 
---------------------------------------------
[ 0.  0.  0.  0.  0.  0.  0.  0.  0.  0.  0.  0.  0.  0.  0.  0.  0.  0.
  0.  0.  0.  0.  0.  0.  0.  0. -1. -1. -1.  0.  0.  0.  0.  0.  1.  1.
  1.  0.  0.  0.  0.  0.  0.  0.  0.  0.  0.  0.  0.  0.  0.  0.  0.  0.
  0.  0.  0.  0.  0.  0.  0.  0.  0.  0.]
[[ 0.  0.  0.  0.  0.  0.  0.  0.]
 [ 0.  0.  0.  0.  0.  0.  0.  0.]
 [ 0.  0.  0.  0.  0.  0.  0.  0.]
 [ 0.  0. -1. -1. -1.  0.  0.  0.]
 [ 0.  0.  1.  1.  1.  0.  0.  0.]
 [ 0.  0.  0.  0.  0.  0.  0.  0.]
 [ 0.  0.  0.  0.  0.  0.  0.  0.]
 [ 0.  0.  0.  0.  0.  0.  0.  0.]]
¿ù»~!!!
Tensor dense_input:0, specified in either feed_devices or fetch_devices was not found in the Graph
­«·sÅª¨ú....
[ 0.  0.  0.  0.  0.  0.  0.  0.  0.  0.  0.  0.  0.  0.  0.  0.  0.  0.
  0.  0.  0.  0.  0.  0.  0.  0. -1. -1. -1.  0.  0.  0.  0.  0.  1.  1.
  1.  0.  0.  0.  0.  0.  0.  0.  0.  0.  0.  0.  0.  0.  0.  0.  0.  0.
  0.  0.  0.  0.  0.  0.  0.  0.  0.  0.]
[[ 0.  0.  0.  0.  0.  0.  0.  0.]
 [ 0.  0.  0.  0.  0.  0.  0.  0.]
 [ 0.  0.  0.  0.  0.  0.  0.  0.]
 [ 0.  0. -1. -1. -1.  0.  0.  0.]
 [ 0.  0.  1.  1.  1.  0.  0.  0.]
 [ 0.  0.  0.  0.  0.  0.  0.  0.]
 [ 0.  0.  0.  0.  0.  0.  0.  0.]
 [ 0.  0.  0.  0.  0.  0.  0.  0.]]
¿ù»~!!!
Tensor dense_input:0, specified in either feed_devices or fetch_devices was not found in the Graph
­«·sÅª¨ú....
Åª¨ú¤w«O¦sªº¥D­nºô¸ô¼Ò«¬...
  | ¢Ï | ¢Ð | ¢Ñ | ¢Ò | ¢Ó | ¢Ô | ¢Õ | ¢Ö | 
---------------------------------------------
 0| ¡@ | ¡@ | ¡@ | ¡@ | ¡@ | ¡@ | ¡@ | ¡@ | 
---------------------------------------------
 1| ¡@ | ¡@ | ¡´ | ¡@ | ¡@ | ¡@ | ¡@ | ¡@ | 
---------------------------------------------
 2| ¡@ | ¡@ | ¡´ | ¡@ | ¡@ | ¡@ | ¡@ | ¡@ | 
---------------------------------------------
 3| ¡@ | ¡@ | ¡´ | ¡³ | ¡³ | ¡@ | ¡@ | ¡@ | 
---------------------------------------------
 4| ¡@ | ¡@ | ¡´ | ¡´ | ¡´ | ¡@ | ¡@ | ¡@ | 
---------------------------------------------
 5| ¡@ | ¡@ | ¡@ | ¡@ | ¡@ | ¡@ | ¡@ | ¡@ | 
---------------------------------------------
 6| ¡@ | ¡@ | ¡@ | ¡@ | ¡@ | ¡@ | ¡@ | ¡@ | 
---------------------------------------------
 7| ¡@ | ¡@ | ¡@ | ¡@ | ¡@ | ¡@ | ¡@ | ¡@ | 
---------------------------------------------
Åª¨ú¤w«O¦sªº¥D­nºô¸ô¼Ò«¬...
  | ¢Ï | ¢Ð | ¢Ñ | ¢Ò | ¢Ó | ¢Ô | ¢Õ | ¢Ö | 
---------------------------------------------
 0| ¡@ | ¡@ | ¡@ | ¡@ | ¡@ | ¡@ | ¡@ | ¡@ | 
---------------------------------------------
 1| ¡@ | ¡@ | ¡´ | ¡@ | ¡@ | ¡@ | ¡@ | ¡@ | 
---------------------------------------------
 2| ¡@ | ¡@ | ¡´ | ¡@ | ¡@ | ¡@ | ¡@ | ¡@ | 
---------------------------------------------
 3| ¡@ | ¡@ | ¡´ | ¡³ | ¡³ | ¡@ | ¡@ | ¡@ | 
---------------------------------------------
 4| ¡@ | ¡@ | ¡´ | ¡´ | ¡´ | ¡@ | ¡@ | ¡@ | 
---------------------------------------------
 5| ¡@ | ¡@ | ¡@ | ¡@ | ¡@ | ¡@ | ¡@ | ¡@ | 
---------------------------------------------
 6| ¡@ | ¡@ | ¡@ | ¡@ | ¡@ | ¡@ | ¡@ | ¡@ | 
---------------------------------------------
 7| ¡@ | ¡@ | ¡@ | ¡@ | ¡@ | ¡@ | ¡@ | ¡@ | 
---------------------------------------------






-------------------------------------------------
2019-04-30 09:06:04.491178: I tensorflow/core/common_runtime/gpu/gpu_device.cc:1512] Addin
g visible gpu devices: 0
2019-04-30 09:06:04.500529: I tensorflow/core/common_runtime/gpu/gpu_device.cc:984] Device
 interconnect StreamExecutor with strength 1 edge matrix:
2019-04-30 09:06:04.524172: I tensorflow/core/common_runtime/gpu/gpu_device.cc:990]      0

2019-04-30 09:06:04.535521: I tensorflow/core/common_runtime/gpu/gpu_device.cc:1003] 0:
N
2019-04-30 09:06:04.547774: I tensorflow/core/common_runtime/gpu/gpu_device.cc:1115] Creat
ed TensorFlow device (/job:localhost/replica:0/task:0/device:GPU:0 with 6389 MB memory) ->
 physical GPU (device: 0, name: GeForce GTX 1070, pci bus id: 0000:01:00.0, compute capabi
lity: 6.1)
2019-04-30 09:06:06.633199: I tensorflow/core/common_runtime/gpu/gpu_device.cc:1512] Addin
g visible gpu devices: 0
2019-04-30 09:06:06.641965: I tensorflow/core/common_runtime/gpu/gpu_device.cc:984] Device
 interconnect StreamExecutor with strength 1 edge matrix:
2019-04-30 09:06:06.651422: I tensorflow/core/common_runtime/gpu/gpu_device.cc:990]      0

2019-04-30 09:06:06.669280: I tensorflow/core/common_runtime/gpu/gpu_device.cc:1003] 0:
N
2019-04-30 09:06:06.677988: I tensorflow/core/common_runtime/gpu/gpu_device.cc:1115] Creat
ed TensorFlow device (/job:localhost/replica:0/task:0/device:GPU:0 with 6389 MB memory) ->
 physical GPU (device: 0, name: GeForce GTX 1070, pci bus id: 0000:01:00.0, compute capabi
lity: 6.1)
2019-04-30 09:06:07.040452: I tensorflow/core/common_runtime/gpu/gpu_device.cc:1512] Addin
g visible gpu devices: 0
2019-04-30 09:06:07.053908: I tensorflow/core/common_runtime/gpu/gpu_device.cc:984] Device
 interconnect StreamExecutor with strength 1 edge matrix:
2019-04-30 09:06:07.064412: I tensorflow/core/common_runtime/gpu/gpu_device.cc:990]      0

2019-04-30 09:06:07.071153: I tensorflow/core/common_runtime/gpu/gpu_device.cc:1003] 0:
N
2019-04-30 09:06:07.078050: I tensorflow/core/common_runtime/gpu/gpu_device.cc:1115] Creat
ed TensorFlow device (/job:localhost/replica:0/task:0/device:GPU:0 with 6389 MB memory) ->
 physical GPU (device: 0, name: GeForce GTX 1070, pci bus id: 0000:01:00.0, compute capabi
lity: 6.1)
Exception ignored in: <bound method BaseSession._Callable.__del__ of <tensorflow.python.cl
ient.session.BaseSession._Callable object at 0x000002B867029860>>
Traceback (most recent call last):
  File "C:\Users\Necro\AppData\Local\Programs\Python\Python36\lib\site-packages\tensorflow
\python\client\session.py", line 1455, in __del__
    self._session._session, self._handle, status)
  File "C:\Users\Necro\AppData\Local\Programs\Python\Python36\lib\site-packages\tensorflow
\python\framework\errors_impl.py", line 528, in __exit__
    c_api.TF_GetCode(self.status.status))
tensorflow.python.framework.errors_impl.InvalidArgumentError: No such callable handle: 299
0956780416
42.77.85.94 - - [30/Apr/2019 09:06:08] "[37mGET /C2,0,0,0,0,0,0,0,0,0,0,0,0,0,0,0,0,0,0,0
,0,0,0,0,0,0,0,-1,-1,-1,0,0,0,0,0,1,1,1,0,0,0,0,0,0,0,0,0,0,0,0,0,0,0,0,0,0,0,0,0,0,0,0,0,
0,0, HTTP/1.1[0m" 200 -
2019-04-30 09:06:09.764742: I tensorflow/core/common_runtime/gpu/gpu_device.cc:1512] Addin
g visible gpu devices: 0
2019-04-30 09:06:09.773770: I tensorflow/core/common_runtime/gpu/gpu_device.cc:984] Device
 interconnect StreamExecutor with strength 1 edge matrix:
2019-04-30 09:06:09.785274: I tensorflow/core/common_runtime/gpu/gpu_device.cc:990]      0

2019-04-30 09:06:09.791809: I tensorflow/core/common_runtime/gpu/gpu_device.cc:1003] 0:
N
2019-04-30 09:06:09.797777: I tensorflow/core/common_runtime/gpu/gpu_device.cc:1115] Creat
ed TensorFlow device (/job:localhost/replica:0/task:0/device:GPU:0 with 6389 MB memory) ->
 physical GPU (device: 0, name: GeForce GTX 1070, pci bus id: 0000:01:00.0, compute capabi
lity: 6.1)
Exception ignored in: <bound method BaseSession._Callable.__del__ of <tensorflow.python.cl
ient.session.BaseSession._Callable object at 0x000002B87606C400>>
Traceback (most recent call last):
  File "C:\Users\Necro\AppData\Local\Programs\Python\Python36\lib\site-packages\tensorflow
\python\client\session.py", line 1455, in __del__
    self._session._session, self._handle, status)
  File "C:\Users\Necro\AppData\Local\Programs\Python\Python36\lib\site-packages\tensorflow
\python\framework\errors_impl.py", line 528, in __exit__
    c_api.TF_GetCode(self.status.status))
tensorflow.python.framework.errors_impl.InvalidArgumentError: No such callable handle: 299
1136462592
42.77.85.94 - - [30/Apr/2019 09:06:11] "[37mGET /C2,0,0,0,0,0,0,0,0,0,0,0,0,0,0,0,0,0,0,0
,0,0,0,0,0,0,0,-1,-1,-1,0,0,0,0,0,1,1,1,0,0,0,0,0,0,0,0,0,0,0,0,0,0,0,0,0,0,0,0,0,0,0,0,0,
0,0, HTTP/1.1[0m" 200 -
